<?xml version="1.0" encoding="UTF-8"?>
<!-- Generated by org.testng.reporters.JUnitReportReporter -->
<testsuite hostname="DESKTOP-7J668R4" failures="0" tests="4" name="testCases.TC_003_LoginDDT" time="38.793" errors="0" timestamp="2021-06-04T23:33:48 EDT" skipped="0">
  <testcase classname="testCases.TC_003_LoginDDT" name="test_LoginDDT" time="3.332"/>
  <system-out/>
  <testcase classname="testCases.TC_003_LoginDDT" name="test_LoginDDT" time="11.909"/>
  <system-out/>
  <testcase classname="testCases.TC_003_LoginDDT" name="test_LoginDDT" time="11.806"/>
  <system-out/>
  <testcase classname="testCases.TC_003_LoginDDT" name="test_LoginDDT" time="11.746"/>
  <system-out/>
</testsuite> <!-- testCases.TC_003_LoginDDT -->
