<?xml version="1.0" encoding="UTF-8"?>
<!-- Generated by org.testng.reporters.JUnitReportReporter -->
<testsuite hostname="DESKTOP-7J668R4" failures="0" tests="1" name="testCases.TC_002_Login" time="2.483" errors="0" timestamp="2021-06-04T23:53:28 EDT" skipped="0">
  <testcase classname="testCases.TC_002_Login" name="test_Login" time="2.483"/>
  <system-out/>
</testsuite> <!-- testCases.TC_002_Login -->
