<?xml version="1.0" encoding="UTF-8"?>
<!-- Generated by org.testng.reporters.JUnitReportReporter -->
<testsuite hostname="DESKTOP-7J668R4" failures="0" tests="1" name="testCases.TC_001_AccountRegistration" time="3.444" errors="0" timestamp="2021-06-04T23:53:28 EDT" skipped="0">
  <testcase classname="testCases.TC_001_AccountRegistration" name="test_account_Registration" time="3.444"/>
  <system-out/>
</testsuite> <!-- testCases.TC_001_AccountRegistration -->
